<?xml version="1.0" encoding="UTF-8"?>
<!-- Generated by org.testng.reporters.JUnitReportReporter -->
<testsuite hostname="LAPTOP-FAL6AE0F" failures="0" tests="5" name="com.test.LoginTestOne" time="107.655" errors="0" timestamp="2023-08-22T19:20:23 IST" skipped="0">
  <testcase classname="com.test.LoginTestOne" name="userOne" time="20.505"/>
  <system-out/>
  <testcase classname="com.test.LoginTestOne" name="userTwo" time="21.194"/>
  <system-out/>
  <testcase classname="com.test.LoginTestOne" name="userThree" time="15.967"/>
  <system-out/>
  <testcase classname="com.test.LoginTestOne" name="userFour" time="30.029"/>
  <system-out/>
  <testcase classname="com.test.LoginTestOne" name="userFive" time="19.960"/>
  <system-out/>
</testsuite> <!-- com.test.LoginTestOne -->
